<?xml version="1.0" encoding="UTF-8"?>
<testng-results ignored="0" total="1" passed="1" failed="0" skipped="0">
  <reporter-output>
  </reporter-output>
  <suite started-at="2023-05-04T20:14:10 IST" name="Default suite" finished-at="2023-05-04T20:14:12 IST" duration-ms="1059">
    <groups>
    </groups>
    <test started-at="2023-05-04T20:14:10 IST" name="Default test" finished-at="2023-05-04T20:14:12 IST" duration-ms="1059">
      <class name="test.SumOfCourses">
        <test-method signature="sumofcourses()[pri:0, instance:test.SumOfCourses@2abf4075]" started-at="2023-05-04T20:14:11 IST" name="sumofcourses" finished-at="2023-05-04T20:14:12 IST" duration-ms="1021" status="PASS">
          <reporter-output>
          </reporter-output>
        </test-method> <!-- sumofcourses -->
      </class> <!-- test.SumOfCourses -->
    </test> <!-- Default test -->
  </suite> <!-- Default suite -->
</testng-results>
